<?xml version="1.0" encoding="UTF-8"?>
<testng-results ignored="0" total="2" passed="2" failed="0" skipped="0">
  <reporter-output>
  </reporter-output>
  <suite started-at="2026-02-08T11:44:18 IST" name="Master Suite" finished-at="2026-02-08T11:44:27 IST" duration-ms="9811">
    <groups>
      <group name="Master">
        <method signature="Tc001_AccountRegistrationTest.verify_account_registration()[pri:0, instance:testCases.Tc001_AccountRegistrationTest@27d5a580]" name="verify_account_registration" class="testCases.Tc001_AccountRegistrationTest"/>
        <method signature="Tc002_LoginTest.verifylogin()[pri:0, instance:testCases.Tc002_LoginTest@2931522b]" name="verifylogin" class="testCases.Tc002_LoginTest"/>
      </group> <!-- Master -->
      <group name="Sanity">
        <method signature="Tc002_LoginTest.verifylogin()[pri:0, instance:testCases.Tc002_LoginTest@2931522b]" name="verifylogin" class="testCases.Tc002_LoginTest"/>
      </group> <!-- Sanity -->
      <group name="Regression">
        <method signature="Tc001_AccountRegistrationTest.verify_account_registration()[pri:0, instance:testCases.Tc001_AccountRegistrationTest@27d5a580]" name="verify_account_registration" class="testCases.Tc001_AccountRegistrationTest"/>
      </group> <!-- Regression -->
    </groups>
    <test started-at="2026-02-08T11:44:18 IST" name="Test" finished-at="2026-02-08T11:44:27 IST" duration-ms="9811">
      <class name="testCases.Tc001_AccountRegistrationTest">
        <test-method is-config="true" signature="setup(java.lang.String,java.lang.String)[pri:0, instance:testCases.Tc001_AccountRegistrationTest@27d5a580]" started-at="2026-02-08T11:44:18 IST" name="setup" finished-at="2026-02-08T11:44:20 IST" duration-ms="2730" status="PASS">
          <params>
            <param index="0">
              <value>
                <![CDATA[windows]]>
              </value>
            </param>
            <param index="1">
              <value>
                <![CDATA[chrome]]>
              </value>
            </param>
          </params>
          <reporter-output>
          </reporter-output>
        </test-method> <!-- setup -->
        <test-method signature="verify_account_registration()[pri:0, instance:testCases.Tc001_AccountRegistrationTest@27d5a580]" started-at="2026-02-08T11:44:20 IST" name="verify_account_registration" finished-at="2026-02-08T11:44:24 IST" duration-ms="3046" status="PASS">
          <reporter-output>
          </reporter-output>
        </test-method> <!-- verify_account_registration -->
        <test-method is-config="true" signature="teardown()[pri:0, instance:testCases.Tc001_AccountRegistrationTest@27d5a580]" started-at="2026-02-08T11:44:24 IST" name="teardown" finished-at="2026-02-08T11:44:24 IST" duration-ms="260" status="PASS">
          <reporter-output>
          </reporter-output>
        </test-method> <!-- teardown -->
      </class> <!-- testCases.Tc001_AccountRegistrationTest -->
      <class name="testCases.Tc002_LoginTest">
        <test-method is-config="true" signature="setup(java.lang.String,java.lang.String)[pri:0, instance:testCases.Tc002_LoginTest@2931522b]" started-at="2026-02-08T11:44:24 IST" name="setup" finished-at="2026-02-08T11:44:26 IST" duration-ms="1847" status="PASS">
          <params>
            <param index="0">
              <value>
                <![CDATA[windows]]>
              </value>
            </param>
            <param index="1">
              <value>
                <![CDATA[chrome]]>
              </value>
            </param>
          </params>
          <reporter-output>
          </reporter-output>
        </test-method> <!-- setup -->
        <test-method signature="verifylogin()[pri:0, instance:testCases.Tc002_LoginTest@2931522b]" started-at="2026-02-08T11:44:26 IST" name="verifylogin" finished-at="2026-02-08T11:44:27 IST" duration-ms="1525" status="PASS">
          <reporter-output>
          </reporter-output>
        </test-method> <!-- verifylogin -->
        <test-method is-config="true" signature="teardown()[pri:0, instance:testCases.Tc002_LoginTest@2931522b]" started-at="2026-02-08T11:44:27 IST" name="teardown" finished-at="2026-02-08T11:44:27 IST" duration-ms="202" status="PASS">
          <reporter-output>
          </reporter-output>
        </test-method> <!-- teardown -->
      </class> <!-- testCases.Tc002_LoginTest -->
    </test> <!-- Test -->
  </suite> <!-- Master Suite -->
</testng-results>
